  test12_1.c
E:\练\递归 逆序数字\递归 逆序数字\test12_1.c(2,1): error C2059: 语法错误:“常数”
E:\练\递归 逆序数字\递归 逆序数字\test12_1.c(2,2): error C2014: 预处理器命令必须作为第一个非空白空间启动
E:\练\递归 逆序数字\递归 逆序数字\test12_1.c(38,2): warning C4013: “scanf”未定义；假设外部返回 int
E:\练\递归 逆序数字\递归 逆序数字\test12_1.c(39,2): warning C4013: “sort”未定义；假设外部返回 int
