  addd.c
test11——16.obj : error LNK2001: 无法解析的外部符号 g_val
E:\练\static使用\x64\Debug\static使用.exe : fatal error LNK1120: 1 个无法解析的外部命令
